<?xml version="1.0" encoding="UTF-8"?>
<testng-results skipped="0" failed="0" total="1" passed="1">
  <reporter-output>
  </reporter-output>
  <suite name="Default suite" duration-ms="31095" started-at="2020-09-30T16:09:06Z" finished-at="2020-09-30T16:09:37Z">
    <groups>
    </groups>
    <test name="Default test" duration-ms="31095" started-at="2020-09-30T16:09:06Z" finished-at="2020-09-30T16:09:37Z">
      <class name="AutomationFrameworks.HRMcodybyPOM">
        <test-method status="PASS" signature="open()[pri:0, instance:AutomationFrameworks.HRMcodybyPOM@7cdbc5d3]" name="open" is-config="true" duration-ms="26096" started-at="2020-09-30T21:39:06Z" finished-at="2020-09-30T21:39:32Z">
          <reporter-output>
          </reporter-output>
        </test-method> <!-- open -->
        <test-method status="PASS" signature="script()[pri:0, instance:AutomationFrameworks.HRMcodybyPOM@7cdbc5d3]" name="script" duration-ms="4968" started-at="2020-09-30T21:39:32Z" finished-at="2020-09-30T21:39:37Z">
          <reporter-output>
          </reporter-output>
        </test-method> <!-- script -->
      </class> <!-- AutomationFrameworks.HRMcodybyPOM -->
    </test> <!-- Default test -->
  </suite> <!-- Default suite -->
</testng-results>
